<?xml version="1.0" encoding="UTF-8"?>
<!-- Generated by org.testng.reporters.JUnitReportReporter -->
<testsuite skipped="6" hostname="DESKTOP-9R8S1OK" name="testScripts.Test2" tests="6" failures="0" timestamp="15 May 2018 12:13:13 GMT" time="133.660" errors="0">
  <testcase name="ValidLogInvalidLogout" time="5.705" classname="testScripts.Test2">
    <skipped/>
  </testcase> <!-- ValidLogInvalidLogout -->
  <testcase name="InvalidLogInvalidLogout" time="7.810" classname="testScripts.Test2">
    <skipped/>
  </testcase> <!-- InvalidLogInvalidLogout -->
  <testcase name="testvalidunEmptypw" time="20.075" classname="testScripts.Test2">
    <skipped/>
  </testcase> <!-- testvalidunEmptypw -->
  <testcase name="testEmptyunValidpw" time="7.861" classname="testScripts.Test2">
    <skipped/>
  </testcase> <!-- testEmptyunValidpw -->
  <testcase name="testEmptyunEmptypw" time="83.789" classname="testScripts.Test2">
    <skipped/>
  </testcase> <!-- testEmptyunEmptypw -->
  <testcase name="InvalidLogValidLogout" time="8.420" classname="testScripts.Test2">
    <skipped/>
  </testcase> <!-- InvalidLogValidLogout -->
</testsuite> <!-- testScripts.Test2 -->
